<?xml version="1.0" encoding="UTF-8" ?>
<testsuite tests="1" failures="1" name="com.brian.mpesa.tx.B2CTest" time="0.762" errors="0" skipped="0">
  <properties>
[...]
</properties>
  <testcase classname="com.brian.mpesa.tx.B2CTest" name="testB2CAInitiator" time="0.647">
    <failure message="expected:&lt;null&gt; but was:&lt;[com.brian.mpesa.tx.B2CUtils@3b938003]&gt;" type="java.lang.AssertionError">java.lang.AssertionError: expected:&lt;null&gt; but was:&lt;[com.brian.mpesa.tx.B2CUtils@3b938003]&gt;
	at org.junit.Assert.fail(Assert.java:93)
	at org.junit.Assert.failNotEquals(Assert.java:647)
	at org.junit.Assert.assertEquals(Assert.java:128)
	at org.junit.Assert.assertEquals(Assert.java:147)
	at com.brian.mpesa.tx.B2CTest.testB2CAInitiator(B2CTest.java:50)
	at sun.reflect.NativeMethodAccessorImpl.invoke0(Native Method)
	at sun.reflect.NativeMethodAccessorImpl.invoke(NativeMethodAccessorImpl.java:62)
	at sun.reflect.DelegatingMethodAccessorImpl.invoke(DelegatingMethodAccessorImpl.java:43)
	at java.lang.reflect.Method.invoke(Method.java:498)
	at org.junit.runners.model.FrameworkMethod$1.runReflectiveCall(FrameworkMethod.java:45)
	at org.junit.internal.runners.model.ReflectiveCallable.run(ReflectiveCallable.java:15)
	at org.junit.runners.model.FrameworkMethod.invokeExplosively(FrameworkMethod.java:42)
	at org.junit.internal.runners.statements.InvokeMethod.evaluate(InvokeMethod.java:20)
	at org.junit.internal.runners.statements.RunBefores.evaluate(RunBefores.java:28)
	at org.junit.internal.runners.statements.RunAfters.evaluate(RunAfters.java:30)
	at org.junit.runners.ParentRunner.runLeaf(ParentRunner.java:263)
	at org.junit.runners.BlockJUnit4ClassRunner.runChild(BlockJUnit4ClassRunner.java:68)
	at org.junit.runners.BlockJUnit4ClassRunner.runChild(BlockJUnit4ClassRunner.java:47)
	at org.junit.runners.ParentRunner$3.run(ParentRunner.java:231)
	at org.junit.runners.ParentRunner$1.schedule(ParentRunner.java:60)
	at org.junit.runners.ParentRunner.runChildren(ParentRunner.java:229)
	at org.junit.runners.ParentRunner.access$000(ParentRunner.java:50)
	at org.junit.runners.ParentRunner$2.evaluate(ParentRunner.java:222)
	at org.junit.internal.runners.statements.RunBefores.evaluate(RunBefores.java:28)
	at org.junit.internal.runners.statements.RunAfters.evaluate(RunAfters.java:30)
	at org.junit.runners.ParentRunner.run(ParentRunner.java:300)
	at org.apache.maven.surefire.junit4.JUnit4TestSet.execute(JUnit4TestSet.java:53)
	at org.apache.maven.surefire.junit4.JUnit4Provider.executeTestSet(JUnit4Provider.java:123)
	at org.apache.maven.surefire.junit4.JUnit4Provider.invoke(JUnit4Provider.java:104)
	at sun.reflect.NativeMethodAccessorImpl.invoke0(Native Method)
	at sun.reflect.NativeMethodAccessorImpl.invoke(NativeMethodAccessorImpl.java:62)
	at sun.reflect.DelegatingMethodAccessorImpl.invoke(DelegatingMethodAccessorImpl.java:43)
	at java.lang.reflect.Method.invoke(Method.java:498)
	at org.apache.maven.surefire.util.ReflectionUtils.invokeMethodWithArray(ReflectionUtils.java:164)
	at org.apache.maven.surefire.booter.ProviderFactory$ProviderProxy.invoke(ProviderFactory.java:110)
	at org.apache.maven.surefire.booter.SurefireStarter.invokeProvider(SurefireStarter.java:175)
	at org.apache.maven.surefire.booter.SurefireStarter.runSuitesInProcessWhenForked(SurefireStarter.java:107)
	at org.apache.maven.surefire.booter.ForkedBooter.main(ForkedBooter.java:68)
</failure>
    <system-out>B2CAInitiator
{
  &quot;InitiatorName&quot; : &quot;testapi&quot;,
  &quot;SecurityCredential&quot; : &quot;lqGJfbphCIjIxzs+Pf2fOd4dAQhRWz+t8s1D/u+UFT5g0Jr2ROhbouJHFBUllYlKhDWn96ddrTSq9x/1y2qZCbgE09fB26285u/QSXpDLicgo4LM8KFrAADX9mXXTRloyqXb6Pf+zpQRQTit7jfvWdjzr8stw2DJgsN4ziHKBULtfdJ+dSUiyXkddDsPRHfx+C9E+6DqqjPJVD2jvIXe0qHC5MZjMyLiq1CwikC2ms7Pz3J3uwxylz7fXeTpRtsZ1Eh7If3OxZYVIxMnjf4w5Tb9fxtNtD+A648qI0NwpUlKdLCuVu1QSq5jrkS1cRaz5HpP2DaK5pw11F7Pmdgk3Q==&quot;,
  &quot;CommandID&quot; : &quot;BusinessPayment&quot;,
  &quot;Amount&quot; : 100,
  &quot;PartyA&quot; : &quot;600542&quot;,
  &quot;PartyB&quot; : &quot;254711959143&quot;,
  &quot;Remarks&quot; : &quot;MMKamunge&quot;,
  &quot;QueueTimeOutURL&quot; : &quot;http://172.29.65.63:8310/b2c/result&quot;,
  &quot;ResultURL&quot; : &quot;http://172.29.58.191:8310/b2c/result&quot;,
  &quot;Occassion&quot; : &quot;Disbursement&quot;,
  &quot;initiatorName&quot; : &quot;testapi&quot;,
  &quot;commandID&quot; : &quot;BusinessPayment&quot;,
  &quot;amount&quot; : 100,
  &quot;partyA&quot; : &quot;600542&quot;,
  &quot;partyB&quot; : &quot;254711959143&quot;,
  &quot;remarks&quot; : &quot;MMKamunge&quot;,
  &quot;occassion&quot; : &quot;Disbursement&quot;,
  &quot;resultURL&quot; : &quot;http://172.29.58.191:8310/b2c/result&quot;,
  &quot;queueTimeOutURL&quot; : &quot;http://172.29.65.63:8310/b2c/result&quot;,
  &quot;securityCredential&quot; : &quot;lqGJfbphCIjIxzs+Pf2fOd4dAQhRWz+t8s1D/u+UFT5g0Jr2ROhbouJHFBUllYlKhDWn96ddrTSq9x/1y2qZCbgE09fB26285u/QSXpDLicgo4LM8KFrAADX9mXXTRloyqXb6Pf+zpQRQTit7jfvWdjzr8stw2DJgsN4ziHKBULtfdJ+dSUiyXkddDsPRHfx+C9E+6DqqjPJVD2jvIXe0qHC5MZjMyLiq1CwikC2ms7Pz3J3uwxylz7fXeTpRtsZ1Eh7If3OxZYVIxMnjf4w5Tb9fxtNtD+A648qI0NwpUlKdLCuVu1QSq5jrkS1cRaz5HpP2DaK5pw11F7Pmdgk3Q==&quot;
}</system-out>
    <system-err>Loading class `com.mysql.jdbc.Driver&apos;. This is deprecated. The new driver class is `com.mysql.cj.jdbc.Driver&apos;. The driver is automatically registered via the SPI and manual loading of the driver class is generally unnecessary.
Mon Aug 05 21:17:53 EAT 2019 WARN: Establishing SSL connection without server&apos;s identity verification is not recommended. According to MySQL 5.5.45+, 5.6.26+ and 5.7.6+ requirements SSL connection must be established by default if explicit option isn&apos;t set. For compliance with existing applications not using SSL the verifyServerCertificate property is set to &apos;false&apos;. You need either to explicitly disable SSL by setting useSSL=false, or set useSSL=true and provide truststore for server certificate verification.
</system-err>
  </testcase>
</testsuite>